<?xml version="1.0" encoding="UTF-8"?>
<!-- Generated by org.testng.reporters.JUnitReportReporter -->
<testsuite hostname="DESKTOP-I7J6NN2" name="com.facebook.testcases.LoginTestCase" tests="1" failures="0" timestamp="21 Sep 2023 18:51:14 GMT" time="0.679" errors="0">
  <testcase name="loginTest" time="0.679" classname="com.facebook.testcases.LoginTestCase"/>
</testsuite> <!-- com.facebook.testcases.LoginTestCase -->
