<?xml version="1.0" encoding="UTF-8"?>
<!-- Generated by org.testng.reporters.JUnitReportReporter -->
<testsuite hostname="DESKTOP-I7J6NN2" name="com.automation.testcase.Login" tests="3" failures="0" timestamp="18 Aug 2023 19:07:33 GMT" time="12.204" errors="0">
  <testcase name="validateUser" time="0.757" classname="com.automation.testcase.Login"/>
  <testcase name="openBrowser" time="11.445" classname="com.automation.testcase.Login"/>
  <testcase name="loginUser" time="0.002" classname="com.automation.testcase.Login"/>
</testsuite> <!-- com.automation.testcase.Login -->
