<?xml version="1.0" encoding="UTF-8"?>
<!-- Generated by org.testng.reporters.JUnitReportReporter -->
<testsuite hostname="DESKTOP-I7J6NN2" name="com.automation.testcase.PracticeDemoClass" tests="3" failures="0" timestamp="11 Sep 2023 18:56:37 GMT" time="12.529" errors="0">
  <testcase name="dropdownmethod" time="2.721" classname="com.automation.testcase.PracticeDemoClass"/>
  <testcase name="automate" time="1.603" classname="com.automation.testcase.PracticeDemoClass"/>
  <testcase name="checkHardAssert" time="8.205" classname="com.automation.testcase.PracticeDemoClass"/>
</testsuite> <!-- com.automation.testcase.PracticeDemoClass -->
