<?xml version="1.0" encoding="UTF-8"?>
<!-- Generated by org.testng.reporters.JUnitReportReporter -->
<testsuite hostname="DESKTOP-I7J6NN2" name="com.automation.testcase.LocatorsDemo" tests="2" failures="0" timestamp="19 Aug 2023 05:12:43 GMT" time="16.372" errors="0">
  <testcase name="openBrowser" time="9.984" classname="com.automation.testcase.LocatorsDemo"/>
  <testcase name="loin" time="6.388" classname="com.automation.testcase.LocatorsDemo"/>
</testsuite> <!-- com.automation.testcase.LocatorsDemo -->
