<?xml version="1.0" encoding="UTF-8"?>
<!-- Generated by org.testng.reporters.JUnitReportReporter -->
<testsuite hostname="DESKTOP-I7J6NN2" name="com.automation.testcase.Register" tests="1" failures="0" timestamp="11 Sep 2023 18:05:39 GMT" time="0.000" errors="0">
  <testcase name="register" time="0.000" classname="com.automation.testcase.Register"/>
</testsuite> <!-- com.automation.testcase.Register -->
