<?xml version="1.0" encoding="UTF-8"?>
<!-- Generated by org.testng.reporters.JUnitReportReporter -->
<testsuite hostname="DESKTOP-I7J6NN2" name="com.automation.testcase.Login" tests="3" failures="0" timestamp="11 Sep 2023 18:05:39 GMT" time="11.904" errors="0">
  <testcase name="openBrowser" time="10.809" classname="com.automation.testcase.Login"/>
  <testcase name="loginUser" time="0.000" classname="com.automation.testcase.Login"/>
  <testcase name="validateUser" time="1.095" classname="com.automation.testcase.Login"/>
</testsuite> <!-- com.automation.testcase.Login -->
